2019-04-18 18:43:12,306 - BrowserEngine - INFO -             You had select Chrome browser.
2019-04-18 18:43:12,306 - BrowserEngine - INFO -             The test server url is: http://172.16.0.96:8030
2019-04-18 18:43:14,585 - BrowserEngine - INFO -             Starting Chrome browser.
2019-04-18 18:43:16,251 - BrowserEngine - INFO -             Open url: http://172.16.0.96:8030
2019-04-18 18:43:16,251 - BrowserEngine - INFO -             Maximize the current window.
2019-04-18 18:43:16,252 - BrowserEngine - INFO -             Set implicitly wait 10 seconds.
2019-04-18 18:43:16,268 - BasePage - INFO -             Had find the element successful by xpath via value: //*[@id="app"]/div/div[3]/div/div[1]/form/div[1]/input 
2019-04-18 18:43:16,356 - BasePage - INFO -             Had type ' 18811133441 ' in inputBox ' inputBox '
2019-04-18 18:43:16,369 - BasePage - INFO -             Had find the element successful by xpath via value: //*[@id="app"]/div/div[3]/div/div[1]/form/div[2]/input 
2019-04-18 18:43:16,436 - BasePage - INFO -             Had type ' 1234qwer ' in inputBox ' inputBox '
2019-04-18 18:43:16,446 - BasePage - INFO -             Had find the element successful by xpath via value: //*[@id="app"]/div/div[3]/div/div[1]/form/div[4] 
2019-04-18 18:43:17,492 - BasePage - INFO -             The element ' 登录 ' was clicked.
2019-04-18 18:43:17,600 - BasePage - INFO -             Had find the element successful by xpath via value: /html/body/div[3]/div/div[2] 
2019-04-18 18:43:17,644 - BasePage - ERROR -             Failed to click the element with Message: element not visible
  (Session info: chrome=71.0.3578.98)
  (Driver info: chromedriver=2.41.578737 (49da6702b16031c40d63e5618de03a32ff6c197e),platform=Windows NT 10.0.17134 x86_64)

2019-04-18 18:43:17,656 - BasePage - INFO -             Had find the element successful by xpath via value: //*[@id="app"]/div[1]/div[1]/div[2]/div[1]/div/ul/div[2]/li/div 
2019-04-18 18:43:17,711 - BasePage - INFO -             The element ' SPN ' was clicked.
2019-04-18 18:43:17,725 - BasePage - INFO -             Had find the element successful by xpath via value: //*[@id="app"]/div[1]/div[1]/div[2]/div[1]/div/ul/div[2]/li/ul/li[3]/a/span[2] 
2019-04-18 18:43:17,741 - BasePage - ERROR -             Failed to click the element with Message: element not visible
  (Session info: chrome=71.0.3578.98)
  (Driver info: chromedriver=2.41.578737 (49da6702b16031c40d63e5618de03a32ff6c197e),platform=Windows NT 10.0.17134 x86_64)

2019-04-18 18:43:27,788 - BasePage - ERROR -             NoSuchElementException: NoSuchElementException('no such element: Unable to locate element: {"method":"xpath","selector":"//*[@id="app"]/div[1]/div[2]/div[2]/div[1]/div/div/div/div/div/div[1]/div[2]/a/button"}\n  (Session info: chrome=71.0.3578.98)\n  (Driver info: chromedriver=2.41.578737 (49da6702b16031c40d63e5618de03a32ff6c197e),platform=Windows NT 10.0.17134 x86_64)', None, None)
2019-04-18 18:43:28,102 - BasePage - INFO -             Had take screenshot and save to folder : /result/screenshots
2019-04-18 18:43:28,103 - BasePage - ERROR -             Failed to click the element with 'str' object has no attribute 'click'
2019-04-18 18:43:28,103 - OptAddSuccess - INFO -             初始化完成！
2019-04-18 18:43:28,103 - OptAdd - INFO -             正在输入' 客户名称 '
2019-04-18 18:43:38,131 - BasePage - ERROR -             NoSuchElementException: NoSuchElementException('no such element: Unable to locate element: {"method":"xpath","selector":"//*[@id="app"]/div[1]/div[2]/div/div[2]/div[1]/form/div[1]/div[1]/div/div/div/div[1]/input"}\n  (Session info: chrome=71.0.3578.98)\n  (Driver info: chromedriver=2.41.578737 (49da6702b16031c40d63e5618de03a32ff6c197e),platform=Windows NT 10.0.17134 x86_64)', None, None)
2019-04-18 18:43:38,466 - BasePage - INFO -             Had take screenshot and save to folder : /result/screenshots
2019-04-18 18:43:38,467 - BasePage - ERROR -             Failed to type in input box with AttributeError("'str' object has no attribute 'clear'",)
2019-04-18 18:43:48,503 - BasePage - ERROR -             NoSuchElementException: NoSuchElementException('no such element: Unable to locate element: {"method":"xpath","selector":"//*[@id="app"]/div[1]/div[2]/div/div[2]/div[1]/form/div[1]/div[1]/div/div/div/div[1]/input"}\n  (Session info: chrome=71.0.3578.98)\n  (Driver info: chromedriver=2.41.578737 (49da6702b16031c40d63e5618de03a32ff6c197e),platform=Windows NT 10.0.17134 x86_64)', None, None)
2019-04-18 18:43:48,820 - BasePage - INFO -             Had take screenshot and save to folder : /result/screenshots
2019-04-18 18:43:50,938 - BrowserEngine - INFO -             You had select Chrome browser.
2019-04-18 18:43:50,938 - BrowserEngine - INFO -             The test server url is: http://172.16.0.96:8030
2019-04-18 18:43:53,217 - BrowserEngine - INFO -             Starting Chrome browser.
