2019-04-18 18:34:44,584 - BrowserEngine - INFO -             You had select Chrome browser.
2019-04-18 18:34:44,584 - BrowserEngine - INFO -             The test server url is: http://172.16.0.96:8030
2019-04-18 18:34:46,852 - BrowserEngine - INFO -             Starting Chrome browser.
2019-04-18 18:34:48,540 - BrowserEngine - INFO -             Open url: http://172.16.0.96:8030
2019-04-18 18:34:48,541 - BrowserEngine - INFO -             Maximize the current window.
2019-04-18 18:34:48,542 - BrowserEngine - INFO -             Set implicitly wait 10 seconds.
2019-04-18 18:34:48,558 - BasePage - INFO -             Had find the element successful by xpath via value: //*[@id="app"]/div/div[3]/div/div[1]/form/div[1]/input 
2019-04-18 18:34:48,648 - BasePage - INFO -             Had type ' 18811133441 ' in inputBox ' inputBox '
2019-04-18 18:34:48,659 - BasePage - INFO -             Had find the element successful by xpath via value: //*[@id="app"]/div/div[3]/div/div[1]/form/div[2]/input 
2019-04-18 18:34:48,723 - BasePage - INFO -             Had type ' 1234qwer ' in inputBox ' inputBox '
2019-04-18 18:34:48,734 - BasePage - INFO -             Had find the element successful by xpath via value: //*[@id="app"]/div/div[3]/div/div[1]/form/div[4] 
2019-04-18 18:34:49,857 - BasePage - INFO -             The element ' 登录 ' was clicked.
2019-04-18 18:34:50,857 - BasePage - INFO -             Sleep for 1 seconds
2019-04-18 18:34:50,871 - BasePage - INFO -             Had find the element successful by xpath via value: /html/body/div[3]/div/div[2] 
2019-04-18 18:34:50,907 - BasePage - INFO -             The element ' 上次登录提示框关闭按钮 ' was clicked.
2019-04-18 18:34:50,920 - BasePage - INFO -             Had find the element successful by xpath via value: //*[@id="app"]/div[1]/div[1]/div[2]/div[1]/div/ul/div[2]/li/div 
2019-04-18 18:34:50,934 - BasePage - INFO -             Had find the element successful by xpath via value: //*[@id="app"]/div[1]/div[1]/div[2]/div[1]/div/ul/div[2]/li/ul/li[3]/a 
2019-04-18 18:35:00,958 - BasePage - ERROR -             NoSuchElementException: NoSuchElementException('no such element: Unable to locate element: {"method":"xpath","selector":"//*[@id="app"]/div[1]/div[2]/div[2]/div[1]/div/div/div/div/div/div[1]/div[2]/a/button"}\n  (Session info: chrome=71.0.3578.98)\n  (Driver info: chromedriver=2.41.578737 (49da6702b16031c40d63e5618de03a32ff6c197e),platform=Windows NT 10.0.17134 x86_64)', None, None)
2019-04-18 18:35:01,266 - BasePage - INFO -             Had take screenshot and save to folder : /result/screenshots
2019-04-18 18:35:01,266 - OptAddSuccess - INFO -             初始化完成！
2019-04-18 18:35:01,266 - OptAdd - INFO -             正在输入' 客户名称 '
2019-04-18 18:35:11,294 - BasePage - ERROR -             NoSuchElementException: NoSuchElementException('no such element: Unable to locate element: {"method":"xpath","selector":"//*[@id="app"]/div[1]/div[2]/div/div[2]/div[1]/form/div[1]/div[1]/div/div/div/div[1]/input"}\n  (Session info: chrome=71.0.3578.98)\n  (Driver info: chromedriver=2.41.578737 (49da6702b16031c40d63e5618de03a32ff6c197e),platform=Windows NT 10.0.17134 x86_64)', None, None)
2019-04-18 18:35:11,632 - BasePage - INFO -             Had take screenshot and save to folder : /result/screenshots
2019-04-18 18:35:11,632 - BasePage - ERROR -             Failed to type in input box with AttributeError("'str' object has no attribute 'clear'",)
2019-04-18 18:35:21,654 - BasePage - ERROR -             NoSuchElementException: NoSuchElementException('no such element: Unable to locate element: {"method":"xpath","selector":"//*[@id="app"]/div[1]/div[2]/div/div[2]/div[1]/form/div[1]/div[1]/div/div/div/div[1]/input"}\n  (Session info: chrome=71.0.3578.98)\n  (Driver info: chromedriver=2.41.578737 (49da6702b16031c40d63e5618de03a32ff6c197e),platform=Windows NT 10.0.17134 x86_64)', None, None)
2019-04-18 18:35:22,027 - BasePage - INFO -             Had take screenshot and save to folder : /result/screenshots
2019-04-18 18:35:24,146 - BrowserEngine - INFO -             You had select Chrome browser.
2019-04-18 18:35:24,146 - BrowserEngine - INFO -             The test server url is: http://172.16.0.96:8030
2019-04-18 18:35:26,404 - BrowserEngine - INFO -             Starting Chrome browser.
2019-04-18 18:35:28,099 - BrowserEngine - INFO -             Open url: http://172.16.0.96:8030
2019-04-18 18:35:28,099 - BrowserEngine - INFO -             Maximize the current window.
2019-04-18 18:35:28,101 - BrowserEngine - INFO -             Set implicitly wait 10 seconds.
2019-04-18 18:35:28,115 - BasePage - INFO -             Had find the element successful by xpath via value: //*[@id="app"]/div/div[3]/div/div[1]/form/div[1]/input 
2019-04-18 18:35:28,200 - BasePage - INFO -             Had type ' 18811133441 ' in inputBox ' inputBox '
2019-04-18 18:35:28,211 - BasePage - INFO -             Had find the element successful by xpath via value: //*[@id="app"]/div/div[3]/div/div[1]/form/div[2]/input 
2019-04-18 18:35:28,277 - BasePage - INFO -             Had type ' 1234qwer ' in inputBox ' inputBox '
2019-04-18 18:35:28,288 - BasePage - INFO -             Had find the element successful by xpath via value: //*[@id="app"]/div/div[3]/div/div[1]/form/div[4] 
2019-04-18 18:35:29,410 - BasePage - INFO -             The element ' 登录 ' was clicked.
2019-04-18 18:35:32,411 - BasePage - INFO -             Sleep for 3 seconds
2019-04-18 18:35:32,424 - BasePage - INFO -             Had find the element successful by xpath via value: /html/body/div[3]/div/div[2] 
2019-04-18 18:35:32,458 - BasePage - INFO -             The element ' 上次登录提示框关闭按钮 ' was clicked.
