2019-04-18 17:50:07,452 - BrowserEngine - INFO -             You had select Chrome browser.
2019-04-18 17:50:07,452 - BrowserEngine - INFO -             The test server url is: http://172.16.0.96:8030
2019-04-18 17:50:09,747 - BrowserEngine - INFO -             Starting Chrome browser.
2019-04-18 17:50:11,468 - BrowserEngine - INFO -             Open url: http://172.16.0.96:8030
2019-04-18 17:50:11,468 - BrowserEngine - INFO -             Maximize the current window.
2019-04-18 17:50:11,469 - BrowserEngine - INFO -             Set implicitly wait 10 seconds.
2019-04-18 17:50:11,485 - BasePage - INFO -             Had find the element successful by xpath via value: //*[@id="app"]/div/div[3]/div/div[1]/form/div[1]/input 
2019-04-18 17:50:11,579 - BasePage - INFO -             Had type ' 18811133441 ' in inputBox ' inputBox '
2019-04-18 17:50:11,590 - BasePage - INFO -             Had find the element successful by xpath via value: //*[@id="app"]/div/div[3]/div/div[1]/form/div[2]/input 
2019-04-18 17:50:11,648 - BasePage - INFO -             Had type ' 1234qwer ' in inputBox ' inputBox '
2019-04-18 17:50:11,659 - BasePage - INFO -             Had find the element successful by xpath via value: //*[@id="app"]/div/div[3]/div/div[1]/form/div[4] 
2019-04-18 17:50:12,808 - BasePage - INFO -             The element ' 登录 ' was clicked.
2019-04-18 17:50:12,825 - BasePage - INFO -             Had find the element successful by xpath via value: //*[@id="app"]/div[1]/div[1]/div[2]/div[1]/div/ul/div[2]/li/div 
2019-04-18 17:50:12,840 - BasePage - INFO -             Had find the element successful by xpath via value: //*[@id="app"]/div[1]/div[1]/div[2]/div[1]/div/ul/div[2]/li/ul/li[3]/a 
2019-04-18 17:50:22,895 - BasePage - ERROR -             NoSuchElementException: NoSuchElementException('no such element: Unable to locate element: {"method":"xpath","selector":"//*[@id="app"]/div[1]/div[2]/div[2]/div[1]/div/div/div/div/div/div[1]/div[2]/a/button"}\n  (Session info: chrome=71.0.3578.98)\n  (Driver info: chromedriver=2.41.578737 (49da6702b16031c40d63e5618de03a32ff6c197e),platform=Windows NT 10.0.17134 x86_64)', None, None)
2019-04-18 17:50:23,237 - BasePage - INFO -             Had take screenshot and save to folder : /result/screenshots
2019-04-18 17:50:23,250 - BasePage - INFO -             Had find the element successful by xpath via value: /html/body/div[3]/div/div[2] 
2019-04-18 17:50:23,299 - BasePage - INFO -             The element ' 按钮 ' was clicked.
2019-04-18 17:50:23,299 - OptAddSuccess - INFO -             初始化完成！
2019-04-18 17:50:23,299 - OptAdd - INFO -             正在输入' 客户名称 '
2019-04-18 17:50:33,356 - BasePage - ERROR -             NoSuchElementException: NoSuchElementException('no such element: Unable to locate element: {"method":"xpath","selector":"//*[@id="app"]/div[1]/div[2]/div/div[2]/div[1]/form/div[1]/div[1]/div/div/div/div[1]/input"}\n  (Session info: chrome=71.0.3578.98)\n  (Driver info: chromedriver=2.41.578737 (49da6702b16031c40d63e5618de03a32ff6c197e),platform=Windows NT 10.0.17134 x86_64)', None, None)
2019-04-18 17:50:33,695 - BasePage - INFO -             Had take screenshot and save to folder : /result/screenshots
2019-04-18 17:50:33,695 - BasePage - ERROR -             Failed to type in input box with AttributeError("'str' object has no attribute 'clear'",)
2019-04-18 17:50:43,723 - BasePage - ERROR -             NoSuchElementException: NoSuchElementException('no such element: Unable to locate element: {"method":"xpath","selector":"//*[@id="app"]/div[1]/div[2]/div/div[2]/div[1]/form/div[1]/div[1]/div/div/div/div[1]/input"}\n  (Session info: chrome=71.0.3578.98)\n  (Driver info: chromedriver=2.41.578737 (49da6702b16031c40d63e5618de03a32ff6c197e),platform=Windows NT 10.0.17134 x86_64)', None, None)
2019-04-18 17:50:44,125 - BasePage - INFO -             Had take screenshot and save to folder : /result/screenshots
