2019-04-18 18:37:48,933 - BrowserEngine - INFO -             You had select Chrome browser.
2019-04-18 18:37:48,934 - BrowserEngine - INFO -             The test server url is: http://172.16.0.96:8030
2019-04-18 18:37:51,201 - BrowserEngine - INFO -             Starting Chrome browser.
2019-04-18 18:37:52,860 - BrowserEngine - INFO -             Open url: http://172.16.0.96:8030
2019-04-18 18:37:52,860 - BrowserEngine - INFO -             Maximize the current window.
2019-04-18 18:37:52,861 - BrowserEngine - INFO -             Set implicitly wait 10 seconds.
2019-04-18 18:37:52,883 - BasePage - INFO -             Had find the element successful by xpath via value: //*[@id="app"]/div/div[3]/div/div[1]/form/div[1]/input 
2019-04-18 18:37:52,971 - BasePage - INFO -             Had type ' 18811133441 ' in inputBox ' inputBox '
2019-04-18 18:37:52,984 - BasePage - INFO -             Had find the element successful by xpath via value: //*[@id="app"]/div/div[3]/div/div[1]/form/div[2]/input 
2019-04-18 18:37:53,052 - BasePage - INFO -             Had type ' 1234qwer ' in inputBox ' inputBox '
2019-04-18 18:37:53,065 - BasePage - INFO -             Had find the element successful by xpath via value: //*[@id="app"]/div/div[3]/div/div[1]/form/div[4] 
2019-04-18 18:37:54,155 - BasePage - INFO -             The element ' 登录 ' was clicked.
2019-04-18 18:37:55,156 - BasePage - INFO -             Sleep for 1 seconds
2019-04-18 18:37:55,174 - BasePage - INFO -             Had find the element successful by xpath via value: /html/body/div[3]/div/div[2] 
2019-04-18 18:37:55,208 - BasePage - INFO -             The element ' 上次登录提示框关闭按钮 ' was clicked.
2019-04-18 18:37:55,220 - BasePage - INFO -             Had find the element successful by xpath via value: //*[@id="app"]/div[1]/div[1]/div[2]/div[1]/div/ul/div[2]/li/div 
2019-04-18 18:37:55,275 - BasePage - INFO -             The element ' 按钮 ' was clicked.
2019-04-18 18:37:55,290 - BasePage - INFO -             Had find the element successful by xpath via value: //*[@id="app"]/div[1]/div[1]/div[2]/div[1]/div/ul/div[2]/li/ul/li[3] 
2019-04-18 18:37:55,307 - BasePage - ERROR -             Failed to click the element with Message: element not visible
  (Session info: chrome=71.0.3578.98)
  (Driver info: chromedriver=2.41.578737 (49da6702b16031c40d63e5618de03a32ff6c197e),platform=Windows NT 10.0.17134 x86_64)

2019-04-18 18:38:05,329 - BasePage - ERROR -             NoSuchElementException: NoSuchElementException('no such element: Unable to locate element: {"method":"xpath","selector":"//*[@id="app"]/div[1]/div[2]/div[2]/div[1]/div/div/div/div/div/div[1]/div[2]/a/button"}\n  (Session info: chrome=71.0.3578.98)\n  (Driver info: chromedriver=2.41.578737 (49da6702b16031c40d63e5618de03a32ff6c197e),platform=Windows NT 10.0.17134 x86_64)', None, None)
2019-04-18 18:38:05,668 - BasePage - INFO -             Had take screenshot and save to folder : /result/screenshots
2019-04-18 18:38:05,668 - BasePage - ERROR -             Failed to click the element with 'str' object has no attribute 'click'
2019-04-18 18:38:05,668 - OptAddSuccess - INFO -             初始化完成！
2019-04-18 18:38:05,668 - OptAdd - INFO -             正在输入' 客户名称 '
2019-04-18 18:38:15,716 - BasePage - ERROR -             NoSuchElementException: NoSuchElementException('no such element: Unable to locate element: {"method":"xpath","selector":"//*[@id="app"]/div[1]/div[2]/div/div[2]/div[1]/form/div[1]/div[1]/div/div/div/div[1]/input"}\n  (Session info: chrome=71.0.3578.98)\n  (Driver info: chromedriver=2.41.578737 (49da6702b16031c40d63e5618de03a32ff6c197e),platform=Windows NT 10.0.17134 x86_64)', None, None)
2019-04-18 18:38:16,031 - BasePage - INFO -             Had take screenshot and save to folder : /result/screenshots
2019-04-18 18:38:16,031 - BasePage - ERROR -             Failed to type in input box with AttributeError("'str' object has no attribute 'clear'",)
2019-04-18 18:38:26,037 - BasePage - ERROR -             NoSuchElementException: NoSuchElementException('no such element: Unable to locate element: {"method":"xpath","selector":"//*[@id="app"]/div[1]/div[2]/div/div[2]/div[1]/form/div[1]/div[1]/div/div/div/div[1]/input"}\n  (Session info: chrome=71.0.3578.98)\n  (Driver info: chromedriver=2.41.578737 (49da6702b16031c40d63e5618de03a32ff6c197e),platform=Windows NT 10.0.17134 x86_64)', None, None)
2019-04-18 18:38:26,349 - BasePage - INFO -             Had take screenshot and save to folder : /result/screenshots
2019-04-18 18:38:28,459 - BrowserEngine - INFO -             You had select Chrome browser.
2019-04-18 18:38:28,459 - BrowserEngine - INFO -             The test server url is: http://172.16.0.96:8030
2019-04-18 18:38:30,741 - BrowserEngine - INFO -             Starting Chrome browser.
2019-04-18 18:38:32,424 - BrowserEngine - INFO -             Open url: http://172.16.0.96:8030
2019-04-18 18:38:32,424 - BrowserEngine - INFO -             Maximize the current window.
2019-04-18 18:38:32,425 - BrowserEngine - INFO -             Set implicitly wait 10 seconds.
2019-04-18 18:38:32,441 - BasePage - INFO -             Had find the element successful by xpath via value: //*[@id="app"]/div/div[3]/div/div[1]/form/div[1]/input 
2019-04-18 18:38:32,529 - BasePage - INFO -             Had type ' 18811133441 ' in inputBox ' inputBox '
2019-04-18 18:38:32,542 - BasePage - INFO -             Had find the element successful by xpath via value: //*[@id="app"]/div/div[3]/div/div[1]/form/div[2]/input 
2019-04-18 18:38:32,611 - BasePage - INFO -             Had type ' 1234qwer ' in inputBox ' inputBox '
2019-04-18 18:38:32,623 - BasePage - INFO -             Had find the element successful by xpath via value: //*[@id="app"]/div/div[3]/div/div[1]/form/div[4] 
2019-04-18 18:38:33,872 - BasePage - INFO -             The element ' 登录 ' was clicked.
2019-04-18 18:38:36,873 - BasePage - INFO -             Sleep for 3 seconds
2019-04-18 18:38:36,884 - BasePage - INFO -             Had find the element successful by xpath via value: /html/body/div[3]/div/div[2] 
2019-04-18 18:38:36,936 - BasePage - INFO -             The element ' 上次登录提示框关闭按钮 ' was clicked.
