2019-04-18 18:31:05,483 - BrowserEngine - INFO -             You had select Chrome browser.
2019-04-18 18:31:05,483 - BrowserEngine - INFO -             The test server url is: http://172.16.0.96:8030
2019-04-18 18:31:07,750 - BrowserEngine - INFO -             Starting Chrome browser.
2019-04-18 18:31:09,723 - BrowserEngine - INFO -             Open url: http://172.16.0.96:8030
2019-04-18 18:31:09,723 - BrowserEngine - INFO -             Maximize the current window.
2019-04-18 18:31:09,724 - BrowserEngine - INFO -             Set implicitly wait 10 seconds.
2019-04-18 18:31:09,739 - BasePage - INFO -             Had find the element successful by xpath via value: //*[@id="app"]/div/div[3]/div/div[1]/form/div[1]/input 
2019-04-18 18:31:09,833 - BasePage - INFO -             Had type ' 18811133441 ' in inputBox ' inputBox '
2019-04-18 18:31:09,846 - BasePage - INFO -             Had find the element successful by xpath via value: //*[@id="app"]/div/div[3]/div/div[1]/form/div[2]/input 
2019-04-18 18:31:09,922 - BasePage - INFO -             Had type ' 1234qwer ' in inputBox ' inputBox '
2019-04-18 18:31:09,935 - BasePage - INFO -             Had find the element successful by xpath via value: //*[@id="app"]/div/div[3]/div/div[1]/form/div[4] 
2019-04-18 18:31:11,294 - BasePage - INFO -             The element ' 登录 ' was clicked.
2019-04-18 18:31:11,888 - BasePage - INFO -             Had find the element successful by xpath via value: /html/body/div[3]/div/div[2] 
2019-04-18 18:31:11,908 - BasePage - ERROR -             Failed to click the element with Message: element not visible
  (Session info: chrome=71.0.3578.98)
  (Driver info: chromedriver=2.41.578737 (49da6702b16031c40d63e5618de03a32ff6c197e),platform=Windows NT 10.0.17134 x86_64)

2019-04-18 18:31:11,921 - BasePage - INFO -             Had find the element successful by xpath via value: //*[@id="app"]/div[1]/div[1]/div[2]/div[1]/div/ul/div[2]/li/div 
2019-04-18 18:31:11,938 - BasePage - INFO -             Had find the element successful by xpath via value: //*[@id="app"]/div[1]/div[1]/div[2]/div[1]/div/ul/div[2]/li/ul/li[3]/a 
2019-04-18 18:31:21,966 - BasePage - ERROR -             NoSuchElementException: NoSuchElementException('no such element: Unable to locate element: {"method":"xpath","selector":"//*[@id="app"]/div[1]/div[2]/div[2]/div[1]/div/div/div/div/div/div[1]/div[2]/a/button"}\n  (Session info: chrome=71.0.3578.98)\n  (Driver info: chromedriver=2.41.578737 (49da6702b16031c40d63e5618de03a32ff6c197e),platform=Windows NT 10.0.17134 x86_64)', None, None)
2019-04-18 18:31:22,285 - BasePage - INFO -             Had take screenshot and save to folder : /result/screenshots
2019-04-18 18:31:22,285 - OptAddSuccess - INFO -             初始化完成！
2019-04-18 18:31:22,285 - OptAdd - INFO -             正在输入' 客户名称 '
2019-04-18 18:31:32,318 - BasePage - ERROR -             NoSuchElementException: NoSuchElementException('no such element: Unable to locate element: {"method":"xpath","selector":"//*[@id="app"]/div[1]/div[2]/div/div[2]/div[1]/form/div[1]/div[1]/div/div/div/div[1]/input"}\n  (Session info: chrome=71.0.3578.98)\n  (Driver info: chromedriver=2.41.578737 (49da6702b16031c40d63e5618de03a32ff6c197e),platform=Windows NT 10.0.17134 x86_64)', None, None)
2019-04-18 18:31:32,657 - BasePage - INFO -             Had take screenshot and save to folder : /result/screenshots
2019-04-18 18:31:32,657 - BasePage - ERROR -             Failed to type in input box with AttributeError("'str' object has no attribute 'clear'",)
2019-04-18 18:31:42,706 - BasePage - ERROR -             NoSuchElementException: NoSuchElementException('no such element: Unable to locate element: {"method":"xpath","selector":"//*[@id="app"]/div[1]/div[2]/div/div[2]/div[1]/form/div[1]/div[1]/div/div/div/div[1]/input"}\n  (Session info: chrome=71.0.3578.98)\n  (Driver info: chromedriver=2.41.578737 (49da6702b16031c40d63e5618de03a32ff6c197e),platform=Windows NT 10.0.17134 x86_64)', None, None)
2019-04-18 18:31:43,030 - BasePage - INFO -             Had take screenshot and save to folder : /result/screenshots
2019-04-18 18:31:45,139 - BrowserEngine - INFO -             You had select Chrome browser.
2019-04-18 18:31:45,139 - BrowserEngine - INFO -             The test server url is: http://172.16.0.96:8030
2019-04-18 18:31:47,411 - BrowserEngine - INFO -             Starting Chrome browser.
2019-04-18 18:31:49,093 - BrowserEngine - INFO -             Open url: http://172.16.0.96:8030
2019-04-18 18:31:49,093 - BrowserEngine - INFO -             Maximize the current window.
2019-04-18 18:31:49,094 - BrowserEngine - INFO -             Set implicitly wait 10 seconds.
2019-04-18 18:31:49,108 - BasePage - INFO -             Had find the element successful by xpath via value: //*[@id="app"]/div/div[3]/div/div[1]/form/div[1]/input 
2019-04-18 18:31:49,194 - BasePage - INFO -             Had type ' 18811133441 ' in inputBox ' inputBox '
2019-04-18 18:31:49,206 - BasePage - INFO -             Had find the element successful by xpath via value: //*[@id="app"]/div/div[3]/div/div[1]/form/div[2]/input 
2019-04-18 18:31:49,272 - BasePage - INFO -             Had type ' 1234qwer ' in inputBox ' inputBox '
2019-04-18 18:31:49,284 - BasePage - INFO -             Had find the element successful by xpath via value: //*[@id="app"]/div/div[3]/div/div[1]/form/div[4] 
2019-04-18 18:31:50,512 - BasePage - INFO -             The element ' 登录 ' was clicked.
2019-04-18 18:31:53,513 - BasePage - INFO -             Sleep for 3 seconds
2019-04-18 18:31:53,531 - BasePage - INFO -             Had find the element successful by xpath via value: /html/body/div[3]/div/div[2] 
2019-04-18 18:31:53,566 - BasePage - INFO -             The element ' 上次登录提示框关闭按钮 ' was clicked.
